<?xml version="1.0" encoding="UTF-8"?>
<testsuite xmlns:xsi="http://www.w3.org/2001/XMLSchema-instance" xsi:noNamespaceSchemaLocation="https://maven.apache.org/surefire/maven-surefire-plugin/xsd/surefire-test-report-3.0.xsd" version="3.0" name="io.j0.mcp.McpServerTest" time="0.774" tests="3" errors="0" skipped="0" failures="0">
  <properties>
[...]
</properties>
  <testcase name="tools_list_exposes_java_compile_and_run" classname="io.j0.mcp.McpServerTest" time="0.05"/>
  <testcase name="tools_call_compiles_and_runs_java_source" classname="io.j0.mcp.McpServerTest" time="0.607"/>
  <testcase name="initialize_returns_server_info" classname="io.j0.mcp.McpServerTest" time="0.001"/>
</testsuite>